2025-08-29 18:52:56,693 [DEBUG] NativeEvent(path="/Users/naveengupta/veda-chatbot/api/Training/synonym_generation.log", inode=8707412644, flags=10400, id=20674536): is_file, is_inode_meta_mod
2025-08-29 18:52:56,695 [DEBUG] queue_event FileModifiedEvent(src_path='/Users/naveengupta/veda-chatbot/api/Training/synonym_generation.log', dest_path='', event_type='modified', is_directory=False, is_synthetic=False)
2025-08-29 19:02:31,406 [DEBUG] NativeEvent(path="/Users/naveengupta/veda-chatbot/api/Training/synonym_generation.log", inode=8707412644, flags=410000, id=20690523): is_cloned, is_file
2025-08-29 19:02:31,417 [DEBUG] NativeEvent(path="/Users/naveengupta/veda-chatbot/api/Training/training_app.py", inode=8707368920, flags=410000, id=20690540): is_cloned, is_file
2025-08-29 19:02:31,674 [DEBUG] NativeEvent(path="/Users/naveengupta/veda-chatbot/api/Training/utils/synonyms.py", inode=8707374520, flags=410000, id=20690601): is_cloned, is_file
2025-08-29 19:02:31,685 [DEBUG] NativeEvent(path="/Users/naveengupta/veda-chatbot/api/Training/utils/synonyms.py", inode=8707374520, flags=410000, id=20690601): is_cloned, is_file
2025-08-29 19:02:31,708 [DEBUG] NativeEvent(path="/Users/naveengupta/veda-chatbot/api/Training/utils/synthetic_questions.py", inode=8707373499, flags=410000, id=20690618): is_cloned, is_file
2025-08-29 19:02:31,708 [DEBUG] NativeEvent(path="/Users/naveengupta/veda-chatbot/api/Training/utils/synthetic_questions.py", inode=8707373499, flags=410000, id=20690618): is_cloned, is_file
2025-08-29 19:02:31,708 [DEBUG] NativeEvent(path="/Users/naveengupta/veda-chatbot/api/Training/utils/__init__.py", inode=8707373376, flags=410000, id=20690635): is_cloned, is_file
2025-08-29 19:02:31,709 [DEBUG] NativeEvent(path="/Users/naveengupta/veda-chatbot/api/Training/utils/__init__.py", inode=8707373376, flags=410000, id=20690635): is_cloned, is_file
2025-08-29 19:02:31,709 [DEBUG] NativeEvent(path="/Users/naveengupta/veda-chatbot/api/Training/utils/__pycache__/__init__.cpython-39.pyc", inode=8707374273, flags=410000, id=20690655): is_cloned, is_file
2025-08-29 19:02:31,709 [DEBUG] NativeEvent(path="/Users/naveengupta/veda-chatbot/api/Training/utils/__pycache__/__init__.cpython-39.pyc", inode=8707374273, flags=410000, id=20690655): is_cloned, is_file
2025-08-29 19:02:31,718 [DEBUG] NativeEvent(path="/Users/naveengupta/veda-chatbot/api/Training/utils/__pycache__/synonyms.cpython-39.pyc", inode=8707413000, flags=410000, id=20690672): is_cloned, is_file
2025-08-29 19:02:31,719 [DEBUG] NativeEvent(path="/Users/naveengupta/veda-chatbot/api/Training/utils/__pycache__/synonyms.cpython-39.pyc", inode=8707413000, flags=410000, id=20690672): is_cloned, is_file
2025-08-29 19:02:31,719 [DEBUG] NativeEvent(path="/Users/naveengupta/veda-chatbot/api/Training/utils/__pycache__/oracle_utils.cpython-39.pyc", inode=8707622068, flags=410000, id=20690689): is_cloned, is_file
2025-08-29 19:02:31,719 [DEBUG] NativeEvent(path="/Users/naveengupta/veda-chatbot/api/Training/utils/__pycache__/oracle_utils.cpython-39.pyc", inode=8707622068, flags=410000, id=20690689): is_cloned, is_file
2025-08-29 19:02:31,719 [DEBUG] NativeEvent(path="/Users/naveengupta/veda-chatbot/api/Training/utils/__pycache__/synthetic_questions.cpython-39.pyc", inode=8707379012, flags=410000, id=20690706): is_cloned, is_file
2025-08-29 19:02:31,719 [DEBUG] NativeEvent(path="/Users/naveengupta/veda-chatbot/api/Training/utils/__pycache__/synthetic_questions.cpython-39.pyc", inode=8707379012, flags=410000, id=20690706): is_cloned, is_file
2025-08-29 19:02:31,719 [DEBUG] NativeEvent(path="/Users/naveengupta/veda-chatbot/api/Training/utils/oracle_utils.py", inode=8707373356, flags=410000, id=20690729): is_cloned, is_file
2025-08-29 19:02:31,720 [DEBUG] NativeEvent(path="/Users/naveengupta/veda-chatbot/api/Training/utils/oracle_utils.py", inode=8707373356, flags=410000, id=20690729): is_cloned, is_file
2025-08-29 19:04:47,251 [DEBUG] NativeEvent(path="/Users/naveengupta/veda-chatbot/api/Training/requirements.txt", inode=8707624084, flags=10100, id=20697513): is_created, is_file
2025-08-29 19:04:47,251 [DEBUG] queue_event FileCreatedEvent(src_path='/Users/naveengupta/veda-chatbot/api/Training/requirements.txt', dest_path='', event_type='created', is_directory=False, is_synthetic=False)
2025-08-29 19:04:47,252 [DEBUG] queue_event DirModifiedEvent(src_path='/Users/naveengupta/veda-chatbot/api/Training', dest_path='', event_type='modified', is_directory=True, is_synthetic=False)
2025-08-29 19:04:50,458 [DEBUG] NativeEvent(path="/Users/naveengupta/veda-chatbot/api/Training/requirements.txt", inode=8707624084, flags=11500, id=20697615): is_created, is_file, is_inode_meta_mod, is_modified
2025-08-29 19:04:50,458 [DEBUG] queue_event FileModifiedEvent(src_path='/Users/naveengupta/veda-chatbot/api/Training/requirements.txt', dest_path='', event_type='modified', is_directory=False, is_synthetic=False)
2025-08-29 19:05:14,679 [DEBUG] NativeEvent(path="/Users/naveengupta/veda-chatbot/api/Training/requirements.txt", inode=8707624084, flags=410000, id=20698266): is_cloned, is_file
2025-08-29 19:07:50,138 [DEBUG] NativeEvent(path="/Users/naveengupta/veda-chatbot/api/Training/Readme", inode=8707624363, flags=10100, id=20701934): is_created, is_file
2025-08-29 19:07:50,138 [DEBUG] queue_event FileCreatedEvent(src_path='/Users/naveengupta/veda-chatbot/api/Training/Readme', dest_path='', event_type='created', is_directory=False, is_synthetic=False)
2025-08-29 19:07:50,138 [DEBUG] queue_event DirModifiedEvent(src_path='/Users/naveengupta/veda-chatbot/api/Training', dest_path='', event_type='modified', is_directory=True, is_synthetic=False)
2025-08-29 19:08:36,131 [DEBUG] NativeEvent(path="/Users/naveengupta/veda-chatbot/api/Training/Readme", inode=8707624363, flags=10800, id=20702812): is_file, is_renamed
2025-08-29 19:08:36,132 [DEBUG] NativeEvent(path="/Users/naveengupta/veda-chatbot/api/Training/Readme.md", inode=8707624363, flags=10800, id=20702813): is_file, is_renamed
2025-08-29 19:08:36,132 [DEBUG] Destination event for rename is NativeEvent(path="/Users/naveengupta/veda-chatbot/api/Training/Readme.md", inode=8707624363, flags=10800, id=20702813)
2025-08-29 19:08:36,132 [DEBUG] queue_event FileMovedEvent(src_path='/Users/naveengupta/veda-chatbot/api/Training/Readme', dest_path='/Users/naveengupta/veda-chatbot/api/Training/Readme.md', event_type='moved', is_directory=False, is_synthetic=False)
2025-08-29 19:08:36,132 [DEBUG] queue_event DirModifiedEvent(src_path='/Users/naveengupta/veda-chatbot/api/Training', dest_path='', event_type='modified', is_directory=True, is_synthetic=False)
2025-08-29 19:08:36,133 [DEBUG] queue_event DirModifiedEvent(src_path='/Users/naveengupta/veda-chatbot/api/Training', dest_path='', event_type='modified', is_directory=True, is_synthetic=False)
2025-08-29 19:12:27,739 [DEBUG] NativeEvent(path="/Users/naveengupta/veda-chatbot/api/Training/Readme.md", inode=8707624363, flags=10800, id=20709344): is_file, is_renamed
2025-08-29 19:12:27,739 [DEBUG] NativeEvent(path="/Users/naveengupta/veda-chatbot/api/Training/README.md", inode=8707624363, flags=10800, id=20709346): is_file, is_renamed
2025-08-29 19:12:27,739 [DEBUG] Destination event for rename is NativeEvent(path="/Users/naveengupta/veda-chatbot/api/Training/README.md", inode=8707624363, flags=10800, id=20709346)
2025-08-29 19:12:27,739 [DEBUG] queue_event FileMovedEvent(src_path='/Users/naveengupta/veda-chatbot/api/Training/Readme.md', dest_path='/Users/naveengupta/veda-chatbot/api/Training/README.md', event_type='moved', is_directory=False, is_synthetic=False)
2025-08-29 19:12:27,739 [DEBUG] queue_event DirModifiedEvent(src_path='/Users/naveengupta/veda-chatbot/api/Training', dest_path='', event_type='modified', is_directory=True, is_synthetic=False)
2025-08-29 19:12:27,739 [DEBUG] queue_event DirModifiedEvent(src_path='/Users/naveengupta/veda-chatbot/api/Training', dest_path='', event_type='modified', is_directory=True, is_synthetic=False)
2025-08-29 19:12:52,862 [DEBUG] NativeEvent(path="/Users/naveengupta/veda-chatbot/api/Training/README.md", inode=8707624363, flags=410800, id=20710248): is_cloned, is_file, is_renamed
2025-08-29 19:12:52,863 [DEBUG] queue_event FileCreatedEvent(src_path='/Users/naveengupta/veda-chatbot/api/Training/README.md', dest_path='', event_type='created', is_directory=False, is_synthetic=False)
2025-08-29 19:12:52,863 [DEBUG] queue_event DirModifiedEvent(src_path='/Users/naveengupta/veda-chatbot/api/Training', dest_path='', event_type='modified', is_directory=True, is_synthetic=False)
2025-08-29 19:15:58,232 [DEBUG] NativeEvent(path="/Users/naveengupta/veda-chatbot/api/Training/utils/oracle_utils.py", inode=8707373356, flags=11400, id=20714163): is_file, is_inode_meta_mod, is_modified
2025-08-29 19:15:58,232 [DEBUG] NativeEvent(path="/Users/naveengupta/veda-chatbot/api/Training/utils/oracle_utils.py", inode=8707373356, flags=11400, id=20714163): is_file, is_inode_meta_mod, is_modified
2025-08-29 19:15:58,233 [DEBUG] queue_event FileModifiedEvent(src_path='/Users/naveengupta/veda-chatbot/api/Training/utils/oracle_utils.py', dest_path='', event_type='modified', is_directory=False, is_synthetic=False)
2025-08-29 19:15:58,233 [DEBUG] queue_event FileModifiedEvent(src_path='/Users/naveengupta/veda-chatbot/api/Training/utils/oracle_utils.py', dest_path='', event_type='modified', is_directory=False, is_synthetic=False)
2025-08-29 19:16:09,991 [DEBUG] NativeEvent(path="/Users/naveengupta/veda-chatbot/api/Training/utils/__pycache__/oracle_utils.cpython-39.pyc.140501430740144", inode=8707625138, flags=11900, id=20714443): is_coalesced, is_created, is_file, is_modified, is_renamed
2025-08-29 19:16:09,992 [DEBUG] NativeEvent(path="/Users/naveengupta/veda-chatbot/api/Training/utils/__pycache__/oracle_utils.cpython-39.pyc", inode=8707625138, flags=10800, id=20714444): is_file, is_renamed
2025-08-29 19:16:09,993 [DEBUG] NativeEvent(path="/Users/naveengupta/veda-chatbot/api/Training/utils/__pycache__/oracle_utils.cpython-39.pyc", inode=8707622068, flags=10800, id=20714445): is_file, is_renamed
2025-08-29 19:16:09,994 [DEBUG] queue_event FileCreatedEvent(src_path='/Users/naveengupta/veda-chatbot/api/Training/utils/__pycache__/oracle_utils.cpython-39.pyc.140501430740144', dest_path='', event_type='created', is_directory=False, is_synthetic=False)
2025-08-29 19:16:09,995 [DEBUG] queue_event DirModifiedEvent(src_path='/Users/naveengupta/veda-chatbot/api/Training/utils/__pycache__', dest_path='', event_type='modified', is_directory=True, is_synthetic=False)
2025-08-29 19:16:09,996 [DEBUG] queue_event FileModifiedEvent(src_path='/Users/naveengupta/veda-chatbot/api/Training/utils/__pycache__/oracle_utils.cpython-39.pyc.140501430740144', dest_path='', event_type='modified', is_directory=False, is_synthetic=False)
2025-08-29 19:16:09,997 [DEBUG] Destination event for rename is NativeEvent(path="/Users/naveengupta/veda-chatbot/api/Training/utils/__pycache__/oracle_utils.cpython-39.pyc", inode=8707625138, flags=10800, id=20714444)
2025-08-29 19:16:09,997 [DEBUG] queue_event FileMovedEvent(src_path='/Users/naveengupta/veda-chatbot/api/Training/utils/__pycache__/oracle_utils.cpython-39.pyc.140501430740144', dest_path='/Users/naveengupta/veda-chatbot/api/Training/utils/__pycache__/oracle_utils.cpython-39.pyc', event_type='moved', is_directory=False, is_synthetic=False)
2025-08-29 19:16:09,998 [DEBUG] queue_event DirModifiedEvent(src_path='/Users/naveengupta/veda-chatbot/api/Training/utils/__pycache__', dest_path='', event_type='modified', is_directory=True, is_synthetic=False)
2025-08-29 19:16:09,999 [DEBUG] queue_event DirModifiedEvent(src_path='/Users/naveengupta/veda-chatbot/api/Training/utils/__pycache__', dest_path='', event_type='modified', is_directory=True, is_synthetic=False)
2025-08-29 19:16:10,123 [DEBUG] queue_event FileDeletedEvent(src_path='/Users/naveengupta/veda-chatbot/api/Training/utils/__pycache__/oracle_utils.cpython-39.pyc', dest_path='', event_type='deleted', is_directory=False, is_synthetic=False)
2025-08-29 19:16:10,123 [DEBUG] queue_event DirModifiedEvent(src_path='/Users/naveengupta/veda-chatbot/api/Training/utils/__pycache__', dest_path='', event_type='modified', is_directory=True, is_synthetic=False)
2025-08-29 19:20:04,775 [DEBUG] NativeEvent(path="/Users/naveengupta/veda-chatbot/api/Training/utils/oracle_utils.py", inode=8707373356, flags=11400, id=20720355): is_file, is_inode_meta_mod, is_modified
2025-08-29 19:20:04,775 [DEBUG] NativeEvent(path="/Users/naveengupta/veda-chatbot/api/Training/utils/oracle_utils.py", inode=8707373356, flags=11400, id=20720355): is_file, is_inode_meta_mod, is_modified
2025-08-29 19:20:04,776 [DEBUG] queue_event FileModifiedEvent(src_path='/Users/naveengupta/veda-chatbot/api/Training/utils/oracle_utils.py', dest_path='', event_type='modified', is_directory=False, is_synthetic=False)
2025-08-29 19:20:04,776 [DEBUG] queue_event FileModifiedEvent(src_path='/Users/naveengupta/veda-chatbot/api/Training/utils/oracle_utils.py', dest_path='', event_type='modified', is_directory=False, is_synthetic=False)
2025-08-29 19:20:53,477 [DEBUG] NativeEvent(path="/Users/naveengupta/veda-chatbot/api/Training/utils/oracle_utils.py", inode=8707373356, flags=11400, id=20721135): is_file, is_inode_meta_mod, is_modified
2025-08-29 19:20:53,477 [DEBUG] NativeEvent(path="/Users/naveengupta/veda-chatbot/api/Training/utils/oracle_utils.py", inode=8707373356, flags=11400, id=20721135): is_file, is_inode_meta_mod, is_modified
2025-08-29 19:20:53,477 [DEBUG] queue_event FileModifiedEvent(src_path='/Users/naveengupta/veda-chatbot/api/Training/utils/oracle_utils.py', dest_path='', event_type='modified', is_directory=False, is_synthetic=False)
2025-08-29 19:20:53,477 [DEBUG] queue_event FileModifiedEvent(src_path='/Users/naveengupta/veda-chatbot/api/Training/utils/oracle_utils.py', dest_path='', event_type='modified', is_directory=False, is_synthetic=False)
2025-08-29 19:21:12,848 [DEBUG] NativeEvent(path="/Users/naveengupta/veda-chatbot/api/Training/utils/.DS_Store", inode=8707625594, flags=1b500, id=20721841): is_created, is_file, is_inode_meta_mod, is_item_finder_info_modified, is_modified, is_xattr_mod
2025-08-29 19:21:12,848 [DEBUG] NativeEvent(path="/Users/naveengupta/veda-chatbot/api/Training/.DS_Store", inode=8707625593, flags=1b500, id=20721829): is_created, is_file, is_inode_meta_mod, is_item_finder_info_modified, is_modified, is_xattr_mod
2025-08-29 19:21:12,848 [DEBUG] queue_event FileCreatedEvent(src_path='/Users/naveengupta/veda-chatbot/api/Training/utils/.DS_Store', dest_path='', event_type='created', is_directory=False, is_synthetic=False)
2025-08-29 19:21:12,848 [DEBUG] NativeEvent(path="/Users/naveengupta/veda-chatbot/api/Training/utils/.DS_Store", inode=8707625594, flags=1b500, id=20721841): is_created, is_file, is_inode_meta_mod, is_item_finder_info_modified, is_modified, is_xattr_mod
2025-08-29 19:21:12,848 [DEBUG] queue_event DirModifiedEvent(src_path='/Users/naveengupta/veda-chatbot/api/Training/utils', dest_path='', event_type='modified', is_directory=True, is_synthetic=False)
2025-08-29 19:21:12,849 [DEBUG] queue_event FileCreatedEvent(src_path='/Users/naveengupta/veda-chatbot/api/Training/.DS_Store', dest_path='', event_type='created', is_directory=False, is_synthetic=False)
2025-08-29 19:21:12,849 [DEBUG] queue_event FileModifiedEvent(src_path='/Users/naveengupta/veda-chatbot/api/Training/utils/.DS_Store', dest_path='', event_type='modified', is_directory=False, is_synthetic=False)
2025-08-29 19:21:12,849 [DEBUG] queue_event DirModifiedEvent(src_path='/Users/naveengupta/veda-chatbot/api/Training', dest_path='', event_type='modified', is_directory=True, is_synthetic=False)
2025-08-29 19:21:12,849 [DEBUG] queue_event FileModifiedEvent(src_path='/Users/naveengupta/veda-chatbot/api/Training/.DS_Store', dest_path='', event_type='modified', is_directory=False, is_synthetic=False)
2025-08-29 19:21:12,849 [DEBUG] queue_event FileCreatedEvent(src_path='/Users/naveengupta/veda-chatbot/api/Training/utils/.DS_Store', dest_path='', event_type='created', is_directory=False, is_synthetic=False)
2025-08-29 19:21:12,849 [DEBUG] queue_event DirModifiedEvent(src_path='/Users/naveengupta/veda-chatbot/api/Training/utils', dest_path='', event_type='modified', is_directory=True, is_synthetic=False)
2025-08-29 19:21:12,850 [DEBUG] queue_event FileModifiedEvent(src_path='/Users/naveengupta/veda-chatbot/api/Training/utils/.DS_Store', dest_path='', event_type='modified', is_directory=False, is_synthetic=False)
2025-08-29 19:21:19,428 [DEBUG] NativeEvent(path="/Users/naveengupta/veda-chatbot/api/Training/.DS_Store", inode=8707625593, flags=1b500, id=20722015): is_created, is_file, is_inode_meta_mod, is_item_finder_info_modified, is_modified, is_xattr_mod
2025-08-29 19:21:19,428 [DEBUG] queue_event FileModifiedEvent(src_path='/Users/naveengupta/veda-chatbot/api/Training/.DS_Store', dest_path='', event_type='modified', is_directory=False, is_synthetic=False)
